{"/home/patrick/Área de Trabalho/Ebytr/frontend/src/App.tsx": {"path":"/home/patrick/Área de Trabalho/Ebytr/frontend/src/App.tsx","statementMap":{"0":{"start":{"line":5,"column":2},"end":{"line":10,"column":4}}},"fnMap":{"0":{"name":"App","decl":{"start":{"line":4,"column":9},"end":{"line":4,"column":12}},"loc":{"start":{"line":4,"column":15},"end":{"line":11,"column":1}},"line":4}},"branchMap":{},"s":{"0":0},"f":{"0":0},"b":{}}
,"/home/patrick/Área de Trabalho/Ebytr/frontend/src/index.tsx": {"path":"/home/patrick/Área de Trabalho/Ebytr/frontend/src/index.tsx","statementMap":{"0":{"start":{"line":5,"column":0},"end":{"line":10,"column":2}}},"fnMap":{},"branchMap":{},"s":{"0":0},"f":{},"b":{}}
,"/home/patrick/Área de Trabalho/Ebytr/frontend/src/components/Menu/index.tsx": {"path":"/home/patrick/Área de Trabalho/Ebytr/frontend/src/components/Menu/index.tsx","statementMap":{"0":{"start":{"line":6,"column":25},"end":{"line":6,"column":71}},"1":{"start":{"line":8,"column":2},"end":{"line":18,"column":4}}},"fnMap":{"0":{"name":"Menu","decl":{"start":{"line":5,"column":9},"end":{"line":5,"column":13}},"loc":{"start":{"line":5,"column":16},"end":{"line":19,"column":1}},"line":5}},"branchMap":{"0":{"loc":{"start":{"line":11,"column":34},"end":{"line":11,"column":74}},"type":"cond-expr","locations":[{"start":{"line":11,"column":61},"end":{"line":11,"column":69}},{"start":{"line":11,"column":72},"end":{"line":11,"column":74}}],"line":11},"1":{"loc":{"start":{"line":14,"column":23},"end":{"line":14,"column":64}},"type":"cond-expr","locations":[{"start":{"line":14,"column":51},"end":{"line":14,"column":59}},{"start":{"line":14,"column":62},"end":{"line":14,"column":64}}],"line":14}},"s":{"0":0,"1":0},"f":{"0":0},"b":{"0":[0,0],"1":[0,0]}}
,"/home/patrick/Área de Trabalho/Ebytr/frontend/src/components/Menu/style.ts": {"path":"/home/patrick/Área de Trabalho/Ebytr/frontend/src/components/Menu/style.ts","statementMap":{"0":{"start":{"line":3,"column":21},"end":{"line":32,"column":1}},"1":{"start":{"line":34,"column":23},"end":{"line":37,"column":1}}},"fnMap":{},"branchMap":{},"s":{"0":0,"1":0},"f":{},"b":{}}
,"/home/patrick/Área de Trabalho/Ebytr/frontend/src/pages/About/index.tsx": {"path":"/home/patrick/Área de Trabalho/Ebytr/frontend/src/pages/About/index.tsx","statementMap":{"0":{"start":{"line":5,"column":2},"end":{"line":9,"column":4}}},"fnMap":{"0":{"name":"About","decl":{"start":{"line":4,"column":9},"end":{"line":4,"column":14}},"loc":{"start":{"line":4,"column":17},"end":{"line":10,"column":1}},"line":4}},"branchMap":{},"s":{"0":0},"f":{"0":0},"b":{}}
,"/home/patrick/Área de Trabalho/Ebytr/frontend/src/pages/Edit/index.tsx": {"path":"/home/patrick/Área de Trabalho/Ebytr/frontend/src/pages/Edit/index.tsx","statementMap":{"0":{"start":{"line":5,"column":2},"end":{"line":10,"column":4}}},"fnMap":{"0":{"name":"Edit","decl":{"start":{"line":4,"column":9},"end":{"line":4,"column":13}},"loc":{"start":{"line":4,"column":16},"end":{"line":11,"column":1}},"line":4}},"branchMap":{},"s":{"0":0},"f":{"0":0},"b":{}}
,"/home/patrick/Área de Trabalho/Ebytr/frontend/src/pages/Home/index.tsx": {"path":"/home/patrick/Área de Trabalho/Ebytr/frontend/src/pages/Home/index.tsx","statementMap":{"0":{"start":{"line":6,"column":2},"end":{"line":11,"column":4}}},"fnMap":{"0":{"name":"Home","decl":{"start":{"line":5,"column":9},"end":{"line":5,"column":13}},"loc":{"start":{"line":5,"column":16},"end":{"line":12,"column":1}},"line":5}},"branchMap":{},"s":{"0":0},"f":{"0":0},"b":{}}
,"/home/patrick/Área de Trabalho/Ebytr/frontend/src/pages/Home/style.ts": {"path":"/home/patrick/Área de Trabalho/Ebytr/frontend/src/pages/Home/style.ts","statementMap":{"0":{"start":{"line":3,"column":23},"end":{"line":5,"column":1}}},"fnMap":{},"branchMap":{},"s":{"0":0},"f":{},"b":{}}
,"/home/patrick/Área de Trabalho/Ebytr/frontend/src/pages/Login/index.tsx": {"path":"/home/patrick/Área de Trabalho/Ebytr/frontend/src/pages/Login/index.tsx","statementMap":{"0":{"start":{"line":6,"column":2},"end":{"line":17,"column":4}}},"fnMap":{"0":{"name":"Login","decl":{"start":{"line":5,"column":9},"end":{"line":5,"column":14}},"loc":{"start":{"line":5,"column":17},"end":{"line":18,"column":1}},"line":5}},"branchMap":{},"s":{"0":4},"f":{"0":4},"b":{},"_coverageSchema":"1a1c01bbd47fc00a2c39e90264f33305004495a9","hash":"22375c50cf6ac05b418d8c5ba8f54d7f1f76028f"}
,"/home/patrick/Área de Trabalho/Ebytr/frontend/src/pages/Login/style.ts": {"path":"/home/patrick/Área de Trabalho/Ebytr/frontend/src/pages/Login/style.ts","statementMap":{"0":{"start":{"line":3,"column":32},"end":{"line":8,"column":1}},"1":{"start":{"line":10,"column":29},"end":{"line":45,"column":1}},"2":{"start":{"line":47,"column":30},"end":{"line":94,"column":1}}},"fnMap":{},"branchMap":{},"s":{"0":1,"1":1,"2":1},"f":{},"b":{},"_coverageSchema":"1a1c01bbd47fc00a2c39e90264f33305004495a9","hash":"f1b4dbb1550002bd3a08e095f4b1880dfba39706"}
,"/home/patrick/Área de Trabalho/Ebytr/frontend/src/routes/index.tsx": {"path":"/home/patrick/Área de Trabalho/Ebytr/frontend/src/routes/index.tsx","statementMap":{"0":{"start":{"line":8,"column":24},"end":{"line":17,"column":1}},"1":{"start":{"line":9,"column":2},"end":{"line":16,"column":11}}},"fnMap":{"0":{"name":"(anonymous_0)","decl":{"start":{"line":8,"column":24},"end":{"line":8,"column":25}},"loc":{"start":{"line":9,"column":2},"end":{"line":16,"column":11}},"line":9}},"branchMap":{},"s":{"0":0,"1":0},"f":{"0":0},"b":{}}
,"/home/patrick/Área de Trabalho/Ebytr/frontend/src/styles/global.ts": {"path":"/home/patrick/Área de Trabalho/Ebytr/frontend/src/styles/global.ts","statementMap":{"0":{"start":{"line":3,"column":33},"end":{"line":31,"column":1}}},"fnMap":{},"branchMap":{},"s":{"0":0},"f":{},"b":{}}
}
